<?xml version="1.0" encoding="UTF-8"?>
<!-- Generated by org.testng.reporters.JUnitReportReporter -->
<testsuite hostname="AIS-BOM-DEV-11" failures="0" tests="1" name="com.crm.qa.testcases.Add_Response_Partner" time="0.000" errors="0" timestamp="2021-02-17T21:31:49 IST" skipped="1">
  <testcase classname="com.crm.qa.testcases.Add_Response_Partner" name="addPartnerTest" time="0.000">
    <skipped/>
  </testcase> <!-- addPartnerTest -->
  <system-out/>
</testsuite> <!-- com.crm.qa.testcases.Add_Response_Partner -->
