<?xml version="1.0" encoding="UTF-8"?>
<!-- Generated by org.testng.reporters.JUnitReportReporter -->
<testsuite hostname="AIS-BOM-DEV-11" failures="0" tests="1" name="com.crm.qa.testcases.Add_Response_Test" time="71.232" errors="0" timestamp="2021-02-05T17:55:37 IST" skipped="0">
  <testcase classname="com.crm.qa.testcases.Add_Response_Test" name="addYourResponseTest" time="71.232"/>
  <system-out/>
</testsuite> <!-- com.crm.qa.testcases.Add_Response_Test -->
