<?xml version="1.0" encoding="UTF-8"?>
<!-- Generated by org.testng.reporters.JUnitReportReporter -->
<testsuite hostname="AIS-BOM-DEV-11" failures="0" tests="1" name="com.crm.qa.testcases.DeletePartnerTest" time="0.000" errors="0" timestamp="2021-02-15T19:53:48 IST" skipped="1">
  <testcase classname="com.crm.qa.testcases.DeletePartnerTest" name="deletePartnerTest" time="0.000">
    <skipped/>
  </testcase> <!-- deletePartnerTest -->
  <system-out/>
</testsuite> <!-- com.crm.qa.testcases.DeletePartnerTest -->
