<?xml version="1.0" encoding="UTF-8"?>
<!-- Generated by org.testng.reporters.JUnitReportReporter -->
<testsuite hostname="DESKTOP-84N8PAB" failures="0" tests="3" name="testCases.LoginTest" time="87.738" errors="0" timestamp="2020-08-28T16:23:52 IST" skipped="0">
  <testcase classname="testCases.LoginTest" name="title" time="24.185"/>
  <system-out/>
  <testcase classname="testCases.LoginTest" name="username" time="28.790"/>
  <system-out/>
  <testcase classname="testCases.LoginTest" name="acctount" time="34.763"/>
  <system-out/>
</testsuite> <!-- testCases.LoginTest -->
