<?xml version="1.0" encoding="UTF-8"?>
<!-- Generated by org.testng.reporters.JUnitReportReporter -->
<testsuite hostname="AIS-BOM-DEV-11" failures="0" tests="2" name="com.crm.qa.testcases.LoginPageTest" time="0.000" errors="0" timestamp="2021-02-17T21:31:49 IST" skipped="2">
  <testcase classname="com.crm.qa.testcases.LoginPageTest" name="loginSubscriberTest" time="0.000">
    <skipped/>
  </testcase> <!-- loginSubscriberTest -->
  <system-out/>
  <testcase classname="com.crm.qa.testcases.LoginPageTest" name="loginPartnerTest" time="0.000">
    <skipped/>
  </testcase> <!-- loginPartnerTest -->
  <system-out/>
</testsuite> <!-- com.crm.qa.testcases.LoginPageTest -->
