<?xml version="1.0" encoding="UTF-8"?>
<!-- Generated by org.testng.reporters.JUnitReportReporter -->
<testsuite hostname="AIS-BOM-DEV-11" failures="0" tests="2" name="com.crm.qa.testcases.CreateEventTest" time="105.863" errors="0" timestamp="2021-02-18T16:09:28 IST" skipped="0">
  <testcase classname="com.crm.qa.testcases.CreateEventTest" name="createEventTest" time="54.036"/>
  <system-out/>
  <testcase classname="com.crm.qa.testcases.CreateEventTest" name="createEventPartnerTest" time="51.827"/>
  <system-out/>
</testsuite> <!-- com.crm.qa.testcases.CreateEventTest -->
