<?xml version="1.0" encoding="UTF-8"?>
<!-- Generated by org.testng.reporters.JUnitReportReporter -->
<testsuite hostname="AIS-BOM-DEV-11" failures="0" tests="1" name="com.crm.qa.testcases.CreateEvent" time="143.866" errors="0" timestamp="2021-02-08T17:43:11 IST" skipped="0">
  <testcase classname="com.crm.qa.testcases.CreateEvent" name="createEventTest" time="143.866"/>
  <system-out/>
</testsuite> <!-- com.crm.qa.testcases.CreateEvent -->
