<?xml version="1.0" encoding="UTF-8"?>
<!-- Generated by org.testng.reporters.JUnitReportReporter -->
<testsuite hostname="AIS-BOM-DEV-11" failures="0" tests="2" name="com.crm.qa.testcases.EditEventSubscriberTest" time="0.000" errors="0" timestamp="2021-02-15T19:53:48 IST" skipped="2">
  <testcase classname="com.crm.qa.testcases.EditEventSubscriberTest" name="editEventSubscriberTest" time="0.000">
    <skipped/>
  </testcase> <!-- editEventSubscriberTest -->
  <system-out/>
  <testcase classname="com.crm.qa.testcases.EditEventSubscriberTest" name="editEventPartnerTest" time="0.000">
    <skipped/>
  </testcase> <!-- editEventPartnerTest -->
  <system-out/>
</testsuite> <!-- com.crm.qa.testcases.EditEventSubscriberTest -->
