<?xml version="1.0" encoding="UTF-8"?>
<!-- Generated by org.testng.reporters.JUnitReportReporter -->
<testsuite hostname="AIS-BOM-DEV-11" failures="0" tests="3" name="com.crm.qa.testcases.SignUpGalleryPicTest" time="0.000" errors="0" timestamp="2021-02-15T19:53:48 IST" skipped="3">
  <testcase classname="com.crm.qa.testcases.SignUpGalleryPicTest" name="signUpRegistrationTest1" time="0.000">
    <skipped/>
  </testcase> <!-- signUpRegistrationTest1 -->
  <system-out/>
  <testcase classname="com.crm.qa.testcases.SignUpGalleryPicTest" name="partDetailsTest3" time="0.000">
    <skipped/>
  </testcase> <!-- partDetailsTest3 -->
  <system-out/>
  <testcase classname="com.crm.qa.testcases.SignUpGalleryPicTest" name="galleryUploadTest" time="0.000">
    <skipped/>
  </testcase> <!-- galleryUploadTest -->
  <system-out/>
</testsuite> <!-- com.crm.qa.testcases.SignUpGalleryPicTest -->
